
$Id: mri_glmfit.c,v 1.241.2.4 2016/12/08 22:02:40 zkaufman Exp $
cwd /autofs/cluster/animal/users/yuta/tau_cog_prediction
cmdline mri_glmfit.bin --y /cluster/animal/users/yuta/tau_cog_prediction/glm/rh.mgx.ctxgm.sm08.fsaverage.ftp.48pts_vs_24ctls.nii.gz --fsgd /cluster/animal/users/yuta/tau_cog_prediction/glm/48pts_vs_24ctls.fsgd --C /cluster/animal/users/yuta/tau_cog_prediction/glm/contrast_g2v0.mat --surf fsaverage rh --cortex --glmdir /cluster/animal/users/yuta/tau_cog_prediction/glm/rh.48pts_vs_24ctls_ftp.glmdir 
sysname  Linux
hostname icepuff1.nmr.mgh.harvard.edu
machine  x86_64
user     yk879
FixVertexAreaFlag = 1
UseMaskWithSmoothing     1
OneSampleGroupMean 0
y    /autofs/cluster/animal/users/yuta/tau_cog_prediction/glm/rh.mgx.ctxgm.sm08.fsaverage.ftp.48pts_vs_24ctls.nii.gz
logyflag 0
usedti  0
FSGD /cluster/animal/users/yuta/tau_cog_prediction/glm/48pts_vs_24ctls.fsgd
labelmask  /usr/local/freesurfer/stable6_0_0/subjects/fsaverage/label/rh.cortex.label
maskinv 0
glmdir /cluster/animal/users/yuta/tau_cog_prediction/glm/rh.48pts_vs_24ctls_ftp.glmdir
IllCondOK 0
ReScaleX 1
DoFFx 0
ResidualFWHM 35.307071
SearchSpace 74490.844410
anattype surface
